<?xml version="1.0" encoding="UTF-8"?>
<!-- Generated by org.testng.reporters.JUnitXMLReporter -->
<testsuite ignored="0" hostname="TGL193" failures="1" tests="1" name="Default test" time="0.562" errors="0" timestamp="2022-02-20T12:52:45 IST">
  <testcase classname="io.cucumber.testng.AbstractTestNGCucumberTests" name="runScenario" time="0.068">
    <failure type="io.cucumber.java.PendingException" message="TODO: implement me">
      <![CDATA[io.cucumber.java.PendingException: TODO: implement me
at AmazonStepDefinitions.Tester.the_browser_is_launched(Tester.java:19)
at ✽.The browser is launched(file:///C:/Users/TG1670/eclipse-workspace/DemoBDDCucumberFramework/../DemoBDDCucumberFramework/src/test/java/Feature/AmazonLoginFeature.feature:4)
]]>
    </failure>
  </testcase> <!-- runScenario -->
</testsuite> <!-- Default test -->
