<?xml version="1.0" encoding="UTF-8"?>
<testng-results ignored="0" total="1" passed="0" failed="1" skipped="0">
  <reporter-output>
  </reporter-output>
  <suite started-at="2022-02-20T12:52:44 IST" name="Default suite" finished-at="2022-02-20T12:52:45 IST" duration-ms="562">
    <groups>
      <group name="cucumber">
        <method signature="AbstractTestNGCucumberTests.runScenario(io.cucumber.testng.PickleWrapper,io.cucumber.testng.FeatureWrapper)[pri:0, instance:MyRunner.AmazonRunner@2a798d51]" name="runScenario" class="io.cucumber.testng.AbstractTestNGCucumberTests"/>
      </group> <!-- cucumber -->
    </groups>
    <test started-at="2022-02-20T12:52:44 IST" name="Default test" finished-at="2022-02-20T12:52:45 IST" duration-ms="562">
      <class name="MyRunner.AmazonRunner">
        <test-method is-config="true" signature="setUpClass(org.testng.ITestContext)[pri:0, instance:MyRunner.AmazonRunner@2a798d51]" started-at="2022-02-20T12:52:44 IST" name="setUpClass" finished-at="2022-02-20T12:52:45 IST" duration-ms="431" status="PASS">
          <params>
            <param index="0">
              <value>
                <![CDATA[org.testng.TestRunner@c65a5ef]]>
              </value>
            </param>
          </params>
          <reporter-output>
          </reporter-output>
        </test-method> <!-- setUpClass -->
        <test-method signature="runScenario(io.cucumber.testng.PickleWrapper,io.cucumber.testng.FeatureWrapper)[pri:0, instance:MyRunner.AmazonRunner@2a798d51]" started-at="2022-02-20T12:52:45 IST" name="runScenario" description="Runs Cucumber Scenarios" data-provider="scenarios" finished-at="2022-02-20T12:52:45 IST" duration-ms="68" status="FAIL">
          <params>
            <param index="0">
              <value>
                <![CDATA["Testing the login Feature with valid data"]]>
              </value>
            </param>
            <param index="1">
              <value>
                <![CDATA["Optional[Testing the login feature of AMAZON Application]"]]>
              </value>
            </param>
          </params>
          <exception class="io.cucumber.java.PendingException">
            <message>
              <![CDATA[TODO: implement me]]>
            </message>
            <full-stacktrace>
              <![CDATA[io.cucumber.java.PendingException: TODO: implement me
at AmazonStepDefinitions.Tester.the_browser_is_launched(Tester.java:19)
at ✽.The browser is launched(file:///C:/Users/TG1670/eclipse-workspace/DemoBDDCucumberFramework/../DemoBDDCucumberFramework/src/test/java/Feature/AmazonLoginFeature.feature:4)
]]>
            </full-stacktrace>
          </exception> <!-- io.cucumber.java.PendingException -->
          <reporter-output>
          </reporter-output>
        </test-method> <!-- runScenario -->
        <test-method is-config="true" signature="tearDownClass()[pri:0, instance:MyRunner.AmazonRunner@2a798d51]" started-at="2022-02-20T12:52:45 IST" name="tearDownClass" finished-at="2022-02-20T12:52:45 IST" duration-ms="36" status="PASS">
          <reporter-output>
          </reporter-output>
        </test-method> <!-- tearDownClass -->
      </class> <!-- MyRunner.AmazonRunner -->
    </test> <!-- Default test -->
  </suite> <!-- Default suite -->
</testng-results>
